d:\repos\sdl2 map generation\sdl2 map generation\x64\debug\vc142.pdb
d:\repos\sdl2 map generation\sdl2 map generation\x64\debug\vc142.idb
d:\repos\sdl2 map generation\sdl2 map generation\x64\debug\source.obj
d:\repos\sdl2 map generation\sdl2 map generation\x64\debug\mapgenerator.obj
d:\repos\sdl2 map generation\sdl2 map generation\x64\debug\imgui_widgets.obj
d:\repos\sdl2 map generation\sdl2 map generation\x64\debug\imgui_tables.obj
d:\repos\sdl2 map generation\sdl2 map generation\x64\debug\imgui_sdl.obj
d:\repos\sdl2 map generation\sdl2 map generation\x64\debug\imgui_impl_sdl.obj
d:\repos\sdl2 map generation\sdl2 map generation\x64\debug\imgui_draw.obj
d:\repos\sdl2 map generation\sdl2 map generation\x64\debug\imgui_demo.obj
d:\repos\sdl2 map generation\sdl2 map generation\x64\debug\imgui.obj
d:\repos\sdl2 map generation\sdl2 map generation\x64\debug\core.obj
d:\repos\sdl2 map generation\sdl2 map generation\x64\debug\sdl2 map generation.ilk
d:\repos\sdl2 map generation\x64\debug\sdl2 map generation.exe
d:\repos\sdl2 map generation\x64\debug\sdl2 map generation.pdb
d:\repos\sdl2 map generation\sdl2 map generation\x64\debug\sdl2 map.993551fb.tlog\cl.command.1.tlog
d:\repos\sdl2 map generation\sdl2 map generation\x64\debug\sdl2 map.993551fb.tlog\cl.read.1.tlog
d:\repos\sdl2 map generation\sdl2 map generation\x64\debug\sdl2 map.993551fb.tlog\cl.write.1.tlog
d:\repos\sdl2 map generation\sdl2 map generation\x64\debug\sdl2 map.993551fb.tlog\link.command.1.tlog
d:\repos\sdl2 map generation\sdl2 map generation\x64\debug\sdl2 map.993551fb.tlog\link.read.1.tlog
d:\repos\sdl2 map generation\sdl2 map generation\x64\debug\sdl2 map.993551fb.tlog\link.write.1.tlog
